{
  "0 debug pnpm:scope": {
    "selected": 1
  },
  "1 debug pnpm:package-manifest": {
    "initial": {
      "name": "ichglaubs-ordersystem",
      "version": "0.0.1",
      "scripts": {
        "dev": "vite dev",
        "build": "vite build",
        "package": "svelte-kit package",
        "preview": "vite preview",
        "prepare": "svelte-kit sync",
        "check": "svelte-check --tsconfig ./tsconfig.json",
        "check:watch": "svelte-check --tsconfig ./tsconfig.json --watch",
        "lint": "prettier --check --plugin-search-dir=. . && eslint .",
        "format": "prettier --write --plugin-search-dir=. ."
      },
      "devDependencies": {
        "@sveltejs/adapter-auto": "next",
        "@sveltejs/kit": "next",
        "@typescript-eslint/eslint-plugin": "^5.27.0",
        "@typescript-eslint/parser": "^5.27.0",
        "eslint": "^8.16.0",
        "eslint-config-prettier": "^8.3.0",
        "eslint-plugin-svelte3": "^4.0.0",
        "prettier": "^2.6.2",
        "prettier-plugin-svelte": "^2.7.0",
        "svelte": "^3.44.0",
        "svelte-check": "^2.7.1",
        "svelte-preprocess": "^4.10.6",
        "tslib": "^2.3.1",
        "typescript": "^4.7.4",
        "vite": "^3.0.0"
      },
      "type": "module"
    },
    "prefix": "/home/yahatix/ichglaubs-ordersystem"
  },
  "2 debug pnpm:context": {
    "currentLockfileExists": false,
    "storeDir": "/home/yahatix/.local/share/pnpm/store/v3",
    "virtualStoreDir": "/home/yahatix/ichglaubs-ordersystem/node_modules/.pnpm"
  },
  "3 debug pnpm:stage": {
    "prefix": "/home/yahatix/ichglaubs-ordersystem",
    "stage": "resolution_started"
  },
  "4 debug pnpm:_dependency_resolved": {
    "resolution": "registry.npmjs.org/tslib/2.4.0",
    "wanted": {
      "dependentId": ".",
      "name": "tslib",
      "rawSpec": "^2.3.1"
    }
  },
  "5 debug pnpm:progress": {
    "packageId": "registry.npmjs.org/tslib/2.4.0",
    "requester": "/home/yahatix/ichglaubs-ordersystem",
    "status": "resolved"
  },
  "6 debug pnpm:progress": {
    "packageId": "registry.npmjs.org/tslib/2.4.0",
    "requester": "/home/yahatix/ichglaubs-ordersystem",
    "status": "found_in_store"
  },
  "7 debug pnpm:_dependency_resolved": {
    "resolution": "registry.npmjs.org/eslint-config-prettier/8.5.0",
    "wanted": {
      "dependentId": ".",
      "name": "eslint-config-prettier",
      "rawSpec": "^8.3.0"
    }
  },
  "8 debug pnpm:progress": {
    "packageId": "registry.npmjs.org/eslint-config-prettier/8.5.0",
    "requester": "/home/yahatix/ichglaubs-ordersystem",
    "status": "resolved"
  },
  "9 debug pnpm:progress": {
    "packageId": "registry.npmjs.org/eslint-config-prettier/8.5.0",
    "requester": "/home/yahatix/ichglaubs-ordersystem",
    "status": "found_in_store"
  },
  "10 debug pnpm:_dependency_resolved": {
    "resolution": "registry.npmjs.org/prettier/2.7.1",
    "wanted": {
      "dependentId": ".",
      "name": "prettier",
      "rawSpec": "^2.6.2"
    }
  },
  "11 debug pnpm:progress": {
    "packageId": "registry.npmjs.org/prettier/2.7.1",
    "requester": "/home/yahatix/ichglaubs-ordersystem",
    "status": "resolved"
  },
  "12 debug pnpm:progress": {
    "packageId": "registry.npmjs.org/prettier/2.7.1",
    "requester": "/home/yahatix/ichglaubs-ordersystem",
    "status": "found_in_store"
  },
  "13 debug pnpm:_dependency_resolved": {
    "resolution": "registry.npmjs.org/svelte-check/2.8.0",
    "wanted": {
      "dependentId": ".",
      "name": "svelte-check",
      "rawSpec": "^2.7.1"
    }
  },
  "14 debug pnpm:progress": {
    "packageId": "registry.npmjs.org/svelte-check/2.8.0",
    "requester": "/home/yahatix/ichglaubs-ordersystem",
    "status": "resolved"
  },
  "15 debug pnpm:progress": {
    "packageId": "registry.npmjs.org/svelte-check/2.8.0",
    "requester": "/home/yahatix/ichglaubs-ordersystem",
    "status": "found_in_store"
  },
  "16 debug pnpm:_dependency_resolved": {
    "resolution": "registry.npmjs.org/eslint/8.19.0",
    "wanted": {
      "dependentId": ".",
      "name": "eslint",
      "rawSpec": "^8.16.0"
    }
  },
  "17 debug pnpm:progress": {
    "packageId": "registry.npmjs.org/eslint/8.19.0",
    "requester": "/home/yahatix/ichglaubs-ordersystem",
    "status": "resolved"
  },
  "18 debug pnpm:progress": {
    "packageId": "registry.npmjs.org/eslint/8.19.0",
    "requester": "/home/yahatix/ichglaubs-ordersystem",
    "status": "found_in_store"
  },
  "19 warn pnpm:install-check": {
    "message": "Unsupported engine for registry.npmjs.org/vite/3.0.0: wanted: {\"node\":\">=14.18.0\"} (current: {\"node\":\"v14.17.0\",\"pnpm\":\"7.5.0\"})",
    "prefix": "/home/yahatix/ichglaubs-ordersystem"
  },
  "20 error pnpm": {
    "code": "ERR_PNPM_UNSUPPORTED_ENGINE",
    "packageId": "registry.npmjs.org/vite/3.0.0",
    "wanted": {
      "node": ">=14.18.0"
    },
    "current": {
      "node": "v14.17.0",
      "pnpm": "7.5.0"
    },
    "pkgsStack": [],
    "err": {
      "name": "pnpm",
      "message": "Unsupported engine for registry.npmjs.org/vite/3.0.0: wanted: {\"node\":\">=14.18.0\"} (current: {\"node\":\"v14.17.0\",\"pnpm\":\"7.5.0\"})",
      "code": "ERR_PNPM_UNSUPPORTED_ENGINE",
      "stack": "pnpm: Unsupported engine for registry.npmjs.org/vite/3.0.0: wanted: {\"node\":\">=14.18.0\"} (current: {\"node\":\"v14.17.0\",\"pnpm\":\"7.5.0\"})\n    at checkEngine (/home/yahatix/.local/share/pnpm/global/5/.pnpm/pnpm@7.5.0/node_modules/pnpm/dist/pnpm.cjs:43094:16)\n    at checkPackage (/home/yahatix/.local/share/pnpm/global/5/.pnpm/pnpm@7.5.0/node_modules/pnpm/dist/pnpm.cjs:43677:74)\n    at packageIsInstallable (/home/yahatix/.local/share/pnpm/global/5/.pnpm/pnpm@7.5.0/node_modules/pnpm/dist/pnpm.cjs:43647:20)\n    at resolveAndFetch (/home/yahatix/.local/share/pnpm/global/5/.pnpm/pnpm@7.5.0/node_modules/pnpm/dist/pnpm.cjs:93248:117)\n    at runMicrotasks (<anonymous>)\n    at processTicksAndRejections (internal/process/task_queues.js:95:5)\n    at async resolveDependency (/home/yahatix/.local/share/pnpm/global/5/.pnpm/pnpm@7.5.0/node_modules/pnpm/dist/pnpm.cjs:122293:23)\n    at async resolveDependenciesOfDependency (/home/yahatix/.local/share/pnpm/global/5/.pnpm/pnpm@7.5.0/node_modules/pnpm/dist/pnpm.cjs:122132:39)\n    at async Promise.all (index 14)\n    at async resolveDependencies (/home/yahatix/.local/share/pnpm/global/5/.pnpm/pnpm@7.5.0/node_modules/pnpm/dist/pnpm.cjs:122061:29)"
    }
  }
}